<?xml version="1.0" encoding="UTF-8"?>
<!-- Generated by org.testng.reporters.JUnitXMLReporter -->
<testsuite hostname="5TS501959619DX" ignored="0" name="Default test" tests="3" failures="0" timestamp="19 Apr 2018 06:15:40 GMT" time="0.669" errors="0">
  <testcase name="testAmortTemplate2" time="0.309" classname="nbcu.compass.amorttemplate.test.SampleTest"/>
  <testcase name="testAmortTemplate2" time="0.11" classname="nbcu.compass.amorttemplate.test.SampleTest"/>
  <testcase name="testAmortTemplate2" time="0.094" classname="nbcu.compass.amorttemplate.test.SampleTest"/>
</testsuite> <!-- Default test -->
