<?xml version="1.0" encoding="UTF-8"?>
<!-- Generated by org.testng.reporters.JUnitXMLReporter -->
<testsuite hostname="BSLGDC-L2045" ignored="0" name="Test" tests="1" failures="1" timestamp="30 Jan 2018 17:02:49 GMT" time="26.434" errors="0">
  <testcase name="testAmort" time="26.417" classname="nbcu.compass.amorttemplate.test.AmortTest">
    <failure type="java.lang.IllegalArgumentException" message="Amorts are equal">
      <![CDATA[java.lang.IllegalArgumentException: Amorts are equal
	at org.springframework.util.Assert.isTrue(Assert.java:68)
	at nbcu.compass.amorttemplate.test.AmortTest.testAmort(AmortTest.java:61)
	at nbcu.compass.amorttemplate.test.MainClass.main(MainClass.java:21)
... Removed 22 stack frames]]>
    </failure>
  </testcase> <!-- testAmort -->
</testsuite> <!-- Test -->
