<?xml version="1.0" encoding="UTF-8"?>
<!-- Generated by org.testng.reporters.JUnitXMLReporter -->
<testsuite hostname="BSLGDC-L2045" ignored="0" name="Test" tests="1" failures="1" timestamp="31 Jan 2018 15:11:24 GMT" time="0.132" errors="0">
  <testcase name="testAmort" time="0.118" classname="nbcu.compass.amorttemplate.test.AmortTest">
    <failure type="java.lang.NullPointerException">
      <![CDATA[java.lang.NullPointerException
	at nbcu.compass.amorttemplate.util.AutomationAgent.loginCompass(AutomationAgent.java:233)
	at nbcu.compass.amorttemplate.test.AmortTest.testAmort(AmortTest.java:53)
	at nbcu.compass.amorttemplate.test.MainClass.main(MainClass.java:21)
... Removed 22 stack frames]]>
    </failure>
  </testcase> <!-- testAmort -->
</testsuite> <!-- Test -->
